<?xml version="1.0" encoding="UTF-8"?>
<testng-results ignored="0" total="1" passed="1" failed="0" skipped="0">
  <reporter-output>
  </reporter-output>
  <suite started-at="2025-01-17T13:13:41 CET" name="Default suite" finished-at="2025-01-17T13:13:41 CET" duration-ms="60">
    <groups>
    </groups>
    <test started-at="2025-01-17T13:13:41 CET" name="Default test" finished-at="2025-01-17T13:13:41 CET" duration-ms="60">
      <class name="inheritance.PS2">
        <test-method is-config="true" signature="executeFirst()[pri:0, instance:inheritance.PS2@5ace1ed4]" started-at="2025-01-17T13:13:41 CET" name="executeFirst" finished-at="2025-01-17T13:13:41 CET" duration-ms="5" status="PASS">
          <reporter-output>
          </reporter-output>
        </test-method> <!-- executeFirst -->
        <test-method signature="testRun()[pri:0, instance:inheritance.PS2@5ace1ed4]" started-at="2025-01-17T13:13:41 CET" name="testRun" finished-at="2025-01-17T13:13:41 CET" duration-ms="8" status="PASS">
          <reporter-output>
          </reporter-output>
        </test-method> <!-- testRun -->
        <test-method is-config="true" signature="executeLast()[pri:0, instance:inheritance.PS2@5ace1ed4]" started-at="2025-01-17T13:13:41 CET" name="executeLast" finished-at="2025-01-17T13:13:41 CET" duration-ms="1" status="PASS">
          <reporter-output>
          </reporter-output>
        </test-method> <!-- executeLast -->
      </class> <!-- inheritance.PS2 -->
    </test> <!-- Default test -->
  </suite> <!-- Default suite -->
</testng-results>
